<?xml version="1.0" encoding="UTF-8"?>
<!-- Generated by org.testng.reporters.JUnitReportReporter -->
<testsuite name="org.testing.TestScripts.TC1" tests="1" time="0.026" ignored="0" failures="0" timestamp="05 Apr 2020 04:50:47 GMT" skipped="0" hostname="DESKTOP-30FNJH5" errors="0">
  <testcase name="testcase1" time="0.026" classname="org.testing.TestScripts.TC1"/>
</testsuite> <!-- org.testing.TestScripts.TC1 -->
